1704812560.881885 client started (91825): version 3.3a, socket /private/tmp/tmux-501/default, protocol 8
1704812560.882084 on Darwin 22.4.0 Darwin Kernel Version 22.4.0: Mon Mar  6 20:59:58 PST 2023; root:xnu-8796.101.5~3/RELEASE_ARM64_T6020
1704812560.882147 using libevent 2.1.12-stable (select); utf8proc 2.9.0; ncurses 6.4
1704812560.882195 flags are 0x10010000
1704812560.882212 socket is /private/tmp/tmux-501/default
1704812560.882241 trying connect
1704812560.882384 add peer 0x140008000: 6 (0x0)
1704812560.889048 sending message 100 to peer 0x140008000 (4 bytes)
1704812560.889101 sending message 111 to peer 0x140008000 (8 bytes)
1704812560.889113 sending message 101 to peer 0x140008000 (16 bytes)
1704812560.889122 sending message 109 to peer 0x140008000 (4 bytes)
1704812560.889133 sending message 102 to peer 0x140008000 (13 bytes)
1704812560.889139 sending message 108 to peer 0x140008000 (36 bytes)
1704812560.889144 sending message 112 to peer 0x140008000 (70 bytes)
1704812560.889151 sending message 112 to peer 0x140008000 (5 bytes)
1704812560.889157 sending message 112 to peer 0x140008000 (5 bytes)
1704812560.889162 sending message 112 to peer 0x140008000 (6 bytes)
1704812560.889171 sending message 112 to peer 0x140008000 (6 bytes)
1704812560.889176 sending message 112 to peer 0x140008000 (11 bytes)
1704812560.889182 sending message 112 to peer 0x140008000 (10 bytes)
1704812560.889187 sending message 112 to peer 0x140008000 (13 bytes)
1704812560.889193 sending message 112 to peer 0x140008000 (13 bytes)
1704812560.889198 sending message 112 to peer 0x140008000 (18 bytes)
1704812560.889204 sending message 112 to peer 0x140008000 (11 bytes)
1704812560.889209 sending message 112 to peer 0x140008000 (21 bytes)
1704812560.889215 sending message 112 to peer 0x140008000 (13 bytes)
1704812560.889221 sending message 112 to peer 0x140008000 (7 bytes)
1704812560.889226 sending message 112 to peer 0x140008000 (13 bytes)
1704812560.889231 sending message 112 to peer 0x140008000 (7 bytes)
1704812560.889237 sending message 112 to peer 0x140008000 (13 bytes)
1704812560.889242 sending message 112 to peer 0x140008000 (9 bytes)
1704812560.889247 sending message 112 to peer 0x140008000 (21 bytes)
1704812560.889252 sending message 112 to peer 0x140008000 (13 bytes)
1704812560.889258 sending message 112 to peer 0x140008000 (8 bytes)
1704812560.889263 sending message 112 to peer 0x140008000 (12 bytes)
1704812560.889268 sending message 112 to peer 0x140008000 (13 bytes)
1704812560.889273 sending message 112 to peer 0x140008000 (9 bytes)
1704812560.889279 sending message 112 to peer 0x140008000 (9 bytes)
1704812560.889284 sending message 112 to peer 0x140008000 (12 bytes)
1704812560.889289 sending message 112 to peer 0x140008000 (8 bytes)
1704812560.889294 sending message 112 to peer 0x140008000 (7 bytes)
1704812560.889300 sending message 112 to peer 0x140008000 (7 bytes)
1704812560.889305 sending message 112 to peer 0x140008000 (9 bytes)
1704812560.889310 sending message 112 to peer 0x140008000 (13 bytes)
1704812560.889316 sending message 112 to peer 0x140008000 (9 bytes)
1704812560.889321 sending message 112 to peer 0x140008000 (15 bytes)
1704812560.889326 sending message 112 to peer 0x140008000 (13 bytes)
1704812560.889331 sending message 112 to peer 0x140008000 (12 bytes)
1704812560.889337 sending message 112 to peer 0x140008000 (8 bytes)
1704812560.889342 sending message 112 to peer 0x140008000 (14 bytes)
1704812560.889347 sending message 112 to peer 0x140008000 (9 bytes)
1704812560.889353 sending message 112 to peer 0x140008000 (10 bytes)
1704812560.889358 sending message 112 to peer 0x140008000 (10 bytes)
1704812560.889363 sending message 112 to peer 0x140008000 (10 bytes)
1704812560.889369 sending message 112 to peer 0x140008000 (10 bytes)
1704812560.889374 sending message 112 to peer 0x140008000 (11 bytes)
1704812560.889380 sending message 112 to peer 0x140008000 (10 bytes)
1704812560.889386 sending message 112 to peer 0x140008000 (8 bytes)
1704812560.889393 sending message 112 to peer 0x140008000 (11 bytes)
1704812560.889404 sending message 112 to peer 0x140008000 (11 bytes)
1704812560.889430 sending message 112 to peer 0x140008000 (11 bytes)
1704812560.889440 sending message 112 to peer 0x140008000 (8 bytes)
1704812560.889445 sending message 112 to peer 0x140008000 (8 bytes)
1704812560.889449 sending message 112 to peer 0x140008000 (8 bytes)
1704812560.889452 sending message 112 to peer 0x140008000 (10 bytes)
1704812560.889456 sending message 112 to peer 0x140008000 (10 bytes)
1704812560.889459 sending message 112 to peer 0x140008000 (10 bytes)
1704812560.889463 sending message 112 to peer 0x140008000 (10 bytes)
1704812560.889466 sending message 112 to peer 0x140008000 (10 bytes)
1704812560.889469 sending message 112 to peer 0x140008000 (11 bytes)
1704812560.889473 sending message 112 to peer 0x140008000 (11 bytes)
1704812560.889476 sending message 112 to peer 0x140008000 (10 bytes)
1704812560.889480 sending message 112 to peer 0x140008000 (9 bytes)
1704812560.889483 sending message 112 to peer 0x140008000 (9 bytes)
1704812560.889487 sending message 112 to peer 0x140008000 (12 bytes)
1704812560.889491 sending message 112 to peer 0x140008000 (9 bytes)
1704812560.889494 sending message 112 to peer 0x140008000 (6 bytes)
1704812560.889498 sending message 112 to peer 0x140008000 (13 bytes)
1704812560.889501 sending message 112 to peer 0x140008000 (8 bytes)
1704812560.889504 sending message 112 to peer 0x140008000 (15 bytes)
1704812560.889508 sending message 112 to peer 0x140008000 (13 bytes)
1704812560.889511 sending message 112 to peer 0x140008000 (70 bytes)
1704812560.889515 sending message 112 to peer 0x140008000 (69 bytes)
1704812560.889518 sending message 112 to peer 0x140008000 (10 bytes)
1704812560.889522 sending message 112 to peer 0x140008000 (8 bytes)
1704812560.889525 sending message 112 to peer 0x140008000 (15 bytes)
1704812560.889529 sending message 112 to peer 0x140008000 (13 bytes)
1704812560.889532 sending message 112 to peer 0x140008000 (10 bytes)
1704812560.889536 sending message 112 to peer 0x140008000 (10 bytes)
1704812560.889539 sending message 112 to peer 0x140008000 (5 bytes)
1704812560.889543 sending message 112 to peer 0x140008000 (15 bytes)
1704812560.889549 sending message 104 to peer 0x140008000 (0 bytes)
1704812560.889556 sending message 110 to peer 0x140008000 (0 bytes)
1704812560.889560 sending message 107 to peer 0x140008000 (4 bytes)
1704812560.889563 sending message 105 to peer 0x140008000 (15 bytes)
1704812560.889567 sending message 105 to peer 0x140008000 (20 bytes)
1704812560.889570 sending message 105 to peer 0x140008000 (22 bytes)
1704812560.889574 sending message 105 to peer 0x140008000 (28 bytes)
1704812560.889577 sending message 105 to peer 0x140008000 (37 bytes)
1704812560.889581 sending message 105 to peer 0x140008000 (30 bytes)
1704812560.889584 sending message 105 to peer 0x140008000 (34 bytes)
1704812560.889587 sending message 105 to peer 0x140008000 (35 bytes)
1704812560.889591 sending message 105 to peer 0x140008000 (22 bytes)
1704812560.889594 sending message 105 to peer 0x140008000 (61 bytes)
1704812560.889598 sending message 105 to peer 0x140008000 (17 bytes)
1704812560.889601 sending message 105 to peer 0x140008000 (19 bytes)
1704812560.889605 sending message 105 to peer 0x140008000 (27 bytes)
1704812560.889608 sending message 105 to peer 0x140008000 (8 bytes)
1704812560.889611 sending message 105 to peer 0x140008000 (24 bytes)
1704812560.889615 sending message 105 to peer 0x140008000 (32 bytes)
1704812560.889618 sending message 105 to peer 0x140008000 (96 bytes)
1704812560.889622 sending message 105 to peer 0x140008000 (54 bytes)
1704812560.889625 sending message 105 to peer 0x140008000 (34 bytes)
1704812560.889629 sending message 105 to peer 0x140008000 (16 bytes)
1704812560.889632 sending message 105 to peer 0x140008000 (36 bytes)
1704812560.889636 sending message 105 to peer 0x140008000 (16 bytes)
1704812560.889639 sending message 105 to peer 0x140008000 (43 bytes)
1704812560.889643 sending message 105 to peer 0x140008000 (12 bytes)
1704812560.889646 sending message 105 to peer 0x140008000 (11 bytes)
1704812560.889659 sending message 105 to peer 0x140008000 (524 bytes)
1704812560.889663 sending message 105 to peer 0x140008000 (40 bytes)
1704812560.889667 sending message 105 to peer 0x140008000 (24 bytes)
1704812560.889670 sending message 105 to peer 0x140008000 (15 bytes)
1704812560.889674 sending message 105 to peer 0x140008000 (8 bytes)
1704812560.889677 sending message 105 to peer 0x140008000 (66 bytes)
1704812560.889681 sending message 105 to peer 0x140008000 (21 bytes)
1704812560.889684 sending message 105 to peer 0x140008000 (18 bytes)
1704812560.889688 sending message 105 to peer 0x140008000 (26 bytes)
1704812560.889691 sending message 105 to peer 0x140008000 (60 bytes)
1704812560.889695 sending message 105 to peer 0x140008000 (57 bytes)
1704812560.889698 sending message 105 to peer 0x140008000 (42 bytes)
1704812560.889702 sending message 105 to peer 0x140008000 (13 bytes)
1704812560.889705 sending message 105 to peer 0x140008000 (63 bytes)
1704812560.889709 sending message 105 to peer 0x140008000 (21 bytes)
1704812560.889712 sending message 105 to peer 0x140008000 (14 bytes)
1704812560.889716 sending message 105 to peer 0x140008000 (19 bytes)
1704812560.889719 sending message 105 to peer 0x140008000 (38 bytes)
1704812560.889722 sending message 105 to peer 0x140008000 (26 bytes)
1704812560.889726 sending message 105 to peer 0x140008000 (22 bytes)
1704812560.889729 sending message 105 to peer 0x140008000 (43 bytes)
1704812560.889733 sending message 105 to peer 0x140008000 (32 bytes)
1704812560.889736 sending message 105 to peer 0x140008000 (17 bytes)
1704812560.889740 sending message 105 to peer 0x140008000 (10 bytes)
1704812560.889743 sending message 105 to peer 0x140008000 (25 bytes)
1704812560.889747 sending message 106 to peer 0x140008000 (0 bytes)
1704812560.889819 sending message 200 to peer 0x140008000 (4 bytes)
1704812560.889826 client loop enter
1704812560.890920 peer 0x140008000 message 303
1704812560.890937 open write file 2 -
1704812560.890952 sending message 305 to peer 0x140008000 (8 bytes)
1704812560.890966 write check file 2
1704812560.891106 peer 0x140008000 message 304
1704812560.891152 write 58 to file 2
1704812560.891188 peer 0x140008000 message 203
1704812560.891200 file 2 58 bytes left
1704812560.891231 write check file 2
1704812560.891239 client loop exit
